# JRE version: OpenJDK Runtime Environment (10.0.2+13) (build 10.0.2+13-Ubuntu-1ubuntu0.18.04.4)
# Java VM: OpenJDK 64-Bit Server VM (10.0.2+13-Ubuntu-1ubuntu0.18.04.4, mixed mode, tiered, compressed oops, g1 gc, linux-amd64)
Heap:
 garbage-first heap   total 126976K, used 65165K [0x0000000085800000, 0x0000000100000000)
  region size 1024K, 41 young (41984K), 9 survivors (9216K)
 Metaspace       used 9021K, capacity 9099K, committed 9216K, reserved 1058816K
  class space    used 694K, capacity 731K, committed 768K, reserved 1048576K
GC Heap History (8 events):
Event: 0.373 GC heap before
{Heap before GC invocations=0 (full 0):
 garbage-first heap   total 126976K, used 22528K [0x0000000085800000, 0x0000000100000000)
  region size 1024K, 22 young (22528K), 0 survivors (0K)
 Metaspace       used 8557K, capacity 8651K, committed 8704K, reserved 1056768K
  class space    used 682K, capacity 731K, committed 768K, reserved 1048576K
}
Event: 0.378 GC heap after
{Heap after GC invocations=1 (full 0):
 garbage-first heap   total 126976K, used 6542K [0x0000000085800000, 0x0000000100000000)
  region size 1024K, 3 young (3072K), 3 survivors (3072K)
 Metaspace       used 8557K, capacity 8651K, committed 8704K, reserved 1056768K
  class space    used 682K, capacity 731K, committed 768K, reserved 1048576K
}
Event: 0.409 GC heap before
{Heap before GC invocations=1 (full 0):
 garbage-first heap   total 126976K, used 27022K [0x0000000085800000, 0x0000000100000000)
  region size 1024K, 23 young (23552K), 3 survivors (3072K)
 Metaspace       used 8560K, capacity 8651K, committed 8704K, reserved 1056768K
  class space    used 682K, capacity 731K, committed 768K, reserved 1048576K
}
Event: 0.414 GC heap after
{Heap after GC invocations=2 (full 0):
 garbage-first heap   total 126976K, used 8931K [0x0000000085800000, 0x0000000100000000)
  region size 1024K, 3 young (3072K), 3 survivors (3072K)
 Metaspace       used 8560K, capacity 8651K, committed 8704K, reserved 1056768K
  class space    used 682K, capacity 731K, committed 768K, reserved 1048576K
}
Event: 0.481 GC heap before
{Heap before GC invocations=2 (full 0):
 garbage-first heap   total 126976K, used 55011K [0x0000000085800000, 0x0000000100000000)
  region size 1024K, 48 young (49152K), 3 survivors (3072K)
 Metaspace       used 8560K, capacity 8651K, committed 8704K, reserved 1056768K
  class space    used 682K, capacity 731K, committed 768K, reserved 1048576K
}
Event: 0.510 GC heap after
{Heap after GC invocations=3 (full 0):
 garbage-first heap   total 126976K, used 13281K [0x0000000085800000, 0x0000000100000000)
  region size 1024K, 6 young (6144K), 6 survivors (6144K)
 Metaspace       used 8560K, capacity 8651K, committed 8704K, reserved 1056768K
  class space    used 682K, capacity 731K, committed 768K, reserved 1048576K
}
Event: 0.628 GC heap before
{Heap before GC invocations=3 (full 0):
 garbage-first heap   total 126976K, used 77793K [0x0000000085800000, 0x0000000100000000)
  region size 1024K, 68 young (69632K), 6 survivors (6144K)
 Metaspace       used 8640K, capacity 8715K, committed 8960K, reserved 1056768K
  class space    used 685K, capacity 731K, committed 768K, reserved 1048576K
}
Event: 0.651 GC heap after
{Heap after GC invocations=4 (full 0):
 garbage-first heap   total 126976K, used 33421K [0x0000000085800000, 0x0000000100000000)
  region size 1024K, 9 young (9216K), 9 survivors (9216K)
 Metaspace       used 8640K, capacity 8715K, committed 8960K, reserved 1056768K
  class space    used 685K, capacity 731K, committed 768K, reserved 1048576K
}

