# JRE version: OpenJDK Runtime Environment (10.0.2+13) (build 10.0.2+13-Ubuntu-1ubuntu0.18.04.4)
# Java VM: OpenJDK 64-Bit Server VM (10.0.2+13-Ubuntu-1ubuntu0.18.04.4, mixed mode, tiered, compressed oops, g1 gc, linux-amd64)
Heap:
 garbage-first heap   total 126976K, used 45932K [0x0000000085800000, 0x0000000100000000)
  region size 1024K, 46 young (47104K), 5 survivors (5120K)
 Metaspace       used 10417K, capacity 10533K, committed 10624K, reserved 1058816K
  class space    used 809K, capacity 848K, committed 896K, reserved 1048576K
GC Heap History (10 events):
Event: 0.298 GC heap before
{Heap before GC invocations=0 (full 0):
 garbage-first heap   total 126976K, used 22528K [0x0000000085800000, 0x0000000100000000)
  region size 1024K, 22 young (22528K), 0 survivors (0K)
 Metaspace       used 9477K, capacity 9605K, committed 9856K, reserved 1058816K
  class space    used 795K, capacity 816K, committed 896K, reserved 1048576K
}
Event: 0.301 GC heap after
{Heap after GC invocations=1 (full 0):
 garbage-first heap   total 126976K, used 2085K [0x0000000085800000, 0x0000000100000000)
  region size 1024K, 3 young (3072K), 3 survivors (3072K)
 Metaspace       used 9477K, capacity 9605K, committed 9856K, reserved 1058816K
  class space    used 795K, capacity 816K, committed 896K, reserved 1048576K
}
Event: 0.519 GC heap before
{Heap before GC invocations=1 (full 0):
 garbage-first heap   total 126976K, used 74789K [0x0000000085800000, 0x0000000100000000)
  region size 1024K, 74 young (75776K), 3 survivors (3072K)
 Metaspace       used 9595K, capacity 9733K, committed 9856K, reserved 1058816K
  class space    used 796K, capacity 816K, committed 896K, reserved 1048576K
}
Event: 0.522 GC heap after
{Heap after GC invocations=2 (full 0):
 garbage-first heap   total 126976K, used 4157K [0x0000000085800000, 0x0000000100000000)
  region size 1024K, 5 young (5120K), 5 survivors (5120K)
 Metaspace       used 9595K, capacity 9733K, committed 9856K, reserved 1058816K
  class space    used 796K, capacity 816K, committed 896K, reserved 1048576K
}
Event: 1.238 GC heap before
{Heap before GC invocations=2 (full 0):
 garbage-first heap   total 126976K, used 74813K [0x0000000085800000, 0x0000000100000000)
  region size 1024K, 74 young (75776K), 5 survivors (5120K)
 Metaspace       used 9699K, capacity 9797K, committed 10112K, reserved 1058816K
  class space    used 798K, capacity 816K, committed 896K, reserved 1048576K
}
Event: 1.241 GC heap after
{Heap after GC invocations=3 (full 0):
 garbage-first heap   total 126976K, used 4670K [0x0000000085800000, 0x0000000100000000)
  region size 1024K, 5 young (5120K), 5 survivors (5120K)
 Metaspace       used 9699K, capacity 9797K, committed 10112K, reserved 1058816K
  class space    used 798K, capacity 816K, committed 896K, reserved 1048576K
}
Event: 2.157 GC heap before
{Heap before GC invocations=3 (full 0):
 garbage-first heap   total 126976K, used 75326K [0x0000000085800000, 0x0000000100000000)
  region size 1024K, 74 young (75776K), 5 survivors (5120K)
 Metaspace       used 9721K, capacity 9797K, committed 10112K, reserved 1058816K
  class space    used 798K, capacity 816K, committed 896K, reserved 1048576K
}
Event: 2.160 GC heap after
{Heap after GC invocations=4 (full 0):
 garbage-first heap   total 126976K, used 4817K [0x0000000085800000, 0x0000000100000000)
  region size 1024K, 5 young (5120K), 5 survivors (5120K)
 Metaspace       used 9721K, capacity 9797K, committed 10112K, reserved 1058816K
  class space    used 798K, capacity 816K, committed 896K, reserved 1048576K
}
Event: 2.852 GC heap before
{Heap before GC invocations=4 (full 0):
 garbage-first heap   total 126976K, used 75473K [0x0000000085800000, 0x0000000100000000)
  region size 1024K, 74 young (75776K), 5 survivors (5120K)
 Metaspace       used 9732K, capacity 9797K, committed 10112K, reserved 1058816K
  class space    used 798K, capacity 816K, committed 896K, reserved 1048576K
}
Event: 2.855 GC heap after
{Heap after GC invocations=5 (full 0):
 garbage-first heap   total 126976K, used 4972K [0x0000000085800000, 0x0000000100000000)
  region size 1024K, 5 young (5120K), 5 survivors (5120K)
 Metaspace       used 9732K, capacity 9797K, committed 10112K, reserved 1058816K
  class space    used 798K, capacity 816K, committed 896K, reserved 1048576K
}

